<?xml version="1.0"?>
<!--Phoronix Test Suite v8.2.0m1-->
<PhoronixTestSuite>
  <TestInformation>
    <Title>Submerged Vegetation Fluent Benchmark</Title>
    <AppVersion>2020-11-11</AppVersion>
    <Description>This benchmark tests the performance of a given job setup using a Fluent model of submerged vegetation in a pond.</Description>
    <ResultScale>Seconds</ResultScale>
    <Proportion>LIB</Proportion>
    <SubTitle>Total Time</SubTitle>
    <TimesToRun>3</TimesToRun>
  </TestInformation>
  <TestProfile>
    <Version>1.0.0</Version>
    <SupportedPlatforms>Linux</SupportedPlatforms>
    <SoftwareType>Benchmark</SoftwareType>
    <TestType>System</TestType>
    <License>Free</License>
    <Status>Unverified</Status>
    <EnvironmentSize>0.1</EnvironmentSize>
    <ProjectURL>https://github.com/jkwmoore/sheffield_hpc_custom_phoronix_tests</ProjectURL>
    <Maintainer>jkwmoore</Maintainer>
  </TestProfile>
  <TestSettings>
    <Default>
      <Arguments></Arguments>
    </Default>
        <Option>
      <DisplayName>Mesh Version</DisplayName>
      <Identifier>Mesh_version</Identifier>
      <Menu>
        <Entry>
          <Name>3d_0.0100.msh</Name>
          <Value>-m "3d_0.0100.msh"</Value>
        </Entry>
        <Entry>
          <Name>3d_0.0200.msh</Name>
          <Value>-m "3d_0.0200.msh"</Value>
        </Entry>
        </Menu>
    </Option>
  </TestSettings>
</PhoronixTestSuite>